c:\users\jiwan\source\repos\tinyshooter-master\debug\vc142.pdb
c:\users\jiwan\source\repos\tinyshooter-master\debug\vc142.idb
c:\users\jiwan\source\repos\tinyshooter-master\debug\vector2d.obj
c:\users\jiwan\source\repos\tinyshooter-master\debug\utils.obj
c:\users\jiwan\source\repos\tinyshooter-master\debug\texture2d.obj
c:\users\jiwan\source\repos\tinyshooter-master\debug\projectile.obj
c:\users\jiwan\source\repos\tinyshooter-master\debug\player.obj
c:\users\jiwan\source\repos\tinyshooter-master\debug\mixmusic.obj
c:\users\jiwan\source\repos\tinyshooter-master\debug\main.obj
c:\users\jiwan\source\repos\tinyshooter-master\debug\guibutton.obj
c:\users\jiwan\source\repos\tinyshooter-master\debug\enemy.obj
c:\users\jiwan\source\repos\tinyshooter-master\debug\dust.obj
c:\users\jiwan\source\repos\tinyshooter-master\debug\gamedemo.res
c:\users\jiwan\source\repos\tinyshooter-master\debug\gamedemo.pdb
c:\users\jiwan\source\repos\tinyshooter-master\debug\gamedemo.tlog\cl.command.1.tlog
c:\users\jiwan\source\repos\tinyshooter-master\debug\gamedemo.tlog\cl.read.1.tlog
c:\users\jiwan\source\repos\tinyshooter-master\debug\gamedemo.tlog\cl.write.1.tlog
c:\users\jiwan\source\repos\tinyshooter-master\debug\gamedemo.tlog\link-cvtres.read.1.tlog
c:\users\jiwan\source\repos\tinyshooter-master\debug\gamedemo.tlog\link-cvtres.write.1.tlog
c:\users\jiwan\source\repos\tinyshooter-master\debug\gamedemo.tlog\link-rc.read.1.tlog
c:\users\jiwan\source\repos\tinyshooter-master\debug\gamedemo.tlog\link-rc.write.1.tlog
c:\users\jiwan\source\repos\tinyshooter-master\debug\gamedemo.tlog\link.command.1.tlog
c:\users\jiwan\source\repos\tinyshooter-master\debug\gamedemo.tlog\link.read.1.tlog
c:\users\jiwan\source\repos\tinyshooter-master\debug\gamedemo.tlog\link.write.1.tlog
c:\users\jiwan\source\repos\tinyshooter-master\debug\gamedemo.tlog\rc.command.1.tlog
c:\users\jiwan\source\repos\tinyshooter-master\debug\gamedemo.tlog\rc.read.1.tlog
c:\users\jiwan\source\repos\tinyshooter-master\debug\gamedemo.tlog\rc.write.1.tlog
